 RADACC            1    0.000000000000000E+000
 RADACC            2    0.000000000000000E+000
 RADACC            3    0.000000000000000E+000
 RADACC            4    0.000000000000000E+000
 RADACC            5    0.000000000000000E+000
 RADACC            6    0.000000000000000E+000
 RADACC            7    0.000000000000000E+000
 RADACC            8    0.000000000000000E+000
 RADACC            9    0.000000000000000E+000
 RADACC           10    0.000000000000000E+000
 RADACC           11    0.000000000000000E+000
 RADACC           12    0.000000000000000E+000
 RADACC           13    0.000000000000000E+000
 RADACC           14    0.000000000000000E+000
 RADACC           15    0.000000000000000E+000
 RADACC           16    0.000000000000000E+000
 RADACC           17    0.000000000000000E+000
 RADACC           18    0.000000000000000E+000
 RADACC           19    0.000000000000000E+000
 RADACC           20    0.000000000000000E+000
 RADACC           21    0.000000000000000E+000
 RADACC           22    0.000000000000000E+000
 RADACC           23    0.000000000000000E+000
 RADACC           24    0.000000000000000E+000
 RADACC           25    0.000000000000000E+000
 RADACC           26    0.000000000000000E+000
 RADACC           27    0.000000000000000E+000
 RADACC           28    0.000000000000000E+000
 RADACC           29    0.000000000000000E+000
 RADACC           30    0.000000000000000E+000
 RADACC           31    0.000000000000000E+000
 RADACC           32    0.000000000000000E+000
 RADACC           33    0.000000000000000E+000
 RADACC           34    0.000000000000000E+000
 RADACC           35    0.000000000000000E+000
 RADACC           36     485.561504485526     
 RADACC           37     489.472629220032     
 RADACC           38     498.684509814764     
 RADACC           39     510.281252452860     
 RADACC           40     533.513901700745     
 RADACC           41     565.119151435738     
 RADACC           42     604.976185173988     
 RADACC           43     650.065359727142     
 RADACC           44     735.977771822322     
 RADACC           45     814.670886630827     
 RADACC           46     887.993394272377     
 RADACC           47     898.161493235742     
 RADACC           48     903.818559880480     
 RADACC           49     877.014603568339     
 RADACC           50     853.632564692310     
 RADACC           51     828.052650657810     
