 RADACC            1    0.000000000000000E+000
 RADACC            2    0.000000000000000E+000
 RADACC            3    0.000000000000000E+000
 RADACC            4    0.000000000000000E+000
 RADACC            5    0.000000000000000E+000
 RADACC            6    0.000000000000000E+000
 RADACC            7    0.000000000000000E+000
 RADACC            8    0.000000000000000E+000
 RADACC            9    0.000000000000000E+000
 RADACC           10    0.000000000000000E+000
 RADACC           11    0.000000000000000E+000
 RADACC           12    0.000000000000000E+000
 RADACC           13    0.000000000000000E+000
 RADACC           14    0.000000000000000E+000
 RADACC           15    0.000000000000000E+000
 RADACC           16    0.000000000000000E+000
 RADACC           17    0.000000000000000E+000
 RADACC           18    0.000000000000000E+000
 RADACC           19    0.000000000000000E+000
 RADACC           20    0.000000000000000E+000
 RADACC           21    0.000000000000000E+000
 RADACC           22    0.000000000000000E+000
 RADACC           23    0.000000000000000E+000
 RADACC           24    0.000000000000000E+000
 RADACC           25    0.000000000000000E+000
 RADACC           26    0.000000000000000E+000
 RADACC           27    0.000000000000000E+000
 RADACC           28    0.000000000000000E+000
 RADACC           29    0.000000000000000E+000
 RADACC           30    0.000000000000000E+000
 RADACC           31    0.000000000000000E+000
 RADACC           32    0.000000000000000E+000
 RADACC           33    0.000000000000000E+000
 RADACC           34    0.000000000000000E+000
 RADACC           35    0.000000000000000E+000
 RADACC           36     550.859540652848     
 RADACC           37     556.148893865345     
 RADACC           38     566.380170904265     
 RADACC           39     577.188149044857     
 RADACC           40     597.312777930615     
 RADACC           41     622.681624396111     
 RADACC           42     654.124487870857     
 RADACC           43     691.502309271732     
 RADACC           44     774.740195394019     
 RADACC           45     841.946471559927     
 RADACC           46     882.007667620645     
 RADACC           47     915.944689200818     
 RADACC           48     913.136254483214     
 RADACC           49     891.379958283291     
 RADACC           50     838.611606701971     
 RADACC           51     766.246918428618     
